[debug] [2018-09-29T22:11:45.520Z] ----------------------------------------------------------------------
[debug] [2018-09-29T22:11:45.522Z] Command:       C:\Program Files\nodejs\node.exe C:\Users\rondy\AppData\Roaming\npm\node_modules\firebase-tools\bin\firebase serve
[debug] [2018-09-29T22:11:45.523Z] CLI Version:   4.2.1
[debug] [2018-09-29T22:11:45.523Z] Platform:      win32
[debug] [2018-09-29T22:11:45.523Z] Node Version:  v8.11.4
[debug] [2018-09-29T22:11:45.523Z] Time:          Sat Sep 29 2018 19:11:45 GMT-0300 (Hora oficial do Brasil)
[debug] [2018-09-29T22:11:45.523Z] ----------------------------------------------------------------------
[debug] 
[debug] [2018-09-29T22:11:45.533Z] > command requires scopes: ["email","openid","https://www.googleapis.com/auth/cloudplatformprojects.readonly","https://www.googleapis.com/auth/firebase","https://www.googleapis.com/auth/cloud-platform"]
[debug] [2018-09-29T22:11:45.538Z] > authorizing via signed-in user
[debug] [2018-09-29T22:11:45.540Z] >>> HTTP REQUEST GET https://admin.firebase.com/v1/projects/mytestapp-773a8  
 
[debug] [2018-09-29T22:11:46.376Z] <<< HTTP RESPONSE 200
[debug] [2018-09-29T22:11:46.377Z] >>> HTTP REQUEST GET https://cloudresourcemanager.googleapis.com/v1/projects/mytestapp-773a8  
 
[debug] [2018-09-29T22:11:47.273Z] <<< HTTP RESPONSE 200
[info] 
[info] === Serving from 'C:\Users\rondy\Documents\dev\projects\mytestapp-firebase'...
[info] 
[debug] [2018-09-29T22:11:47.278Z] >>> HTTP REQUEST GET https://mobilesdk-pa.googleapis.com/v1/projects/800630951096/clients/_:getWebAppConfig  
 
[debug] [2018-09-29T22:11:47.929Z] <<< HTTP RESPONSE 200
[info] i  hosting[mytestapp-773a8]: Serving hosting files from: public
[info] +  hosting[mytestapp-773a8]: Local server: http://localhost:5000
